[15-Mar-2021 10:20:05 America/Lima] PHP Warning:  mysqli_connect(): (HY000/1045): Access denied for user 'root'@'localhost' (using password: NO) in /home/vlrrywof/public_html/medicos/model/consulSQL.php on line 26
[24-Mar-2021 14:14:19 America/Lima] PHP Warning:  mysqli_connect(): (HY000/1045): Access denied for user 'root'@'localhost' (using password: NO) in /home/vlrrywof/public_html/medicos/model/consulSQL.php on line 26
[24-Mar-2021 20:44:39 America/Lima] PHP Warning:  include(models/cambioPass.php): failed to open stream: No such file or directory in /home/vlrrywof/public_html/medicos/views/plantilla.php on line 102
[24-Mar-2021 20:44:39 America/Lima] PHP Warning:  include(): Failed opening 'models/cambioPass.php' for inclusion (include_path='.:/opt/cpanel/ea-php73/root/usr/share/pear') in /home/vlrrywof/public_html/medicos/views/plantilla.php on line 102
[18-Apr-2021 09:39:39 America/Lima] PHP Fatal error:  Uncaught Exception: Wrong type NULL. It should be float for property unit_price in /home/vlrrywof/public_html/medicos/vendor/mercadopago/dx-php/src/MercadoPago/Entity.php:459
Stack trace:
#0 /home/vlrrywof/public_html/medicos/vendor/mercadopago/dx-php/src/MercadoPago/Entity.php(368): MercadoPago\Entity->tryFormat(NULL, 'float', 'unit_price')
#1 /home/vlrrywof/public_html/medicos/vendor/mercadopago/dx-php/src/MercadoPago/Entity.php(312): MercadoPago\Entity->_setValue('unit_price', NULL)
#2 /home/ in /home/vlrrywof/public_html/medicos/vendor/mercadopago/dx-php/src/MercadoPago/Entity.php on line 459
[18-Apr-2021 09:39:40 America/Lima] PHP Fatal error:  Uncaught Exception: Wrong type NULL. It should be float for property unit_price in /home/vlrrywof/public_html/medicos/vendor/mercadopago/dx-php/src/MercadoPago/Entity.php:459
Stack trace:
#0 /home/vlrrywof/public_html/medicos/vendor/mercadopago/dx-php/src/MercadoPago/Entity.php(368): MercadoPago\Entity->tryFormat(NULL, 'float', 'unit_price')
#1 /home/vlrrywof/public_html/medicos/vendor/mercadopago/dx-php/src/MercadoPago/Entity.php(312): MercadoPago\Entity->_setValue('unit_price', NULL)
#2 /home/ in /home/vlrrywof/public_html/medicos/vendor/mercadopago/dx-php/src/MercadoPago/Entity.php on line 459
[18-Apr-2021 09:44:07 America/Lima] PHP Fatal error:  Uncaught Exception: Wrong type NULL. It should be float for property unit_price in /home/vlrrywof/public_html/medicos/vendor/mercadopago/dx-php/src/MercadoPago/Entity.php:459
Stack trace:
#0 /home/vlrrywof/public_html/medicos/vendor/mercadopago/dx-php/src/MercadoPago/Entity.php(368): MercadoPago\Entity->tryFormat(NULL, 'float', 'unit_price')
#1 /home/vlrrywof/public_html/medicos/vendor/mercadopago/dx-php/src/MercadoPago/Entity.php(312): MercadoPago\Entity->_setValue('unit_price', NULL)
#2 /home/ in /home/vlrrywof/public_html/medicos/vendor/mercadopago/dx-php/src/MercadoPago/Entity.php on line 459
[19-Apr-2021 11:31:56 America/Lima] PHP Fatal error:  Uncaught Exception: Wrong type NULL. It should be float for property unit_price in /home/vlrrywof/public_html/medicos/vendor/mercadopago/dx-php/src/MercadoPago/Entity.php:459
Stack trace:
#0 /home/vlrrywof/public_html/medicos/vendor/mercadopago/dx-php/src/MercadoPago/Entity.php(368): MercadoPago\Entity->tryFormat(NULL, 'float', 'unit_price')
#1 /home/vlrrywof/public_html/medicos/vendor/mercadopago/dx-php/src/MercadoPago/Entity.php(312): MercadoPago\Entity->_setValue('unit_price', NULL)
#2 /home/ in /home/vlrrywof/public_html/medicos/vendor/mercadopago/dx-php/src/MercadoPago/Entity.php on line 459
[19-Apr-2021 11:31:57 America/Lima] PHP Fatal error:  Uncaught Exception: Wrong type NULL. It should be float for property unit_price in /home/vlrrywof/public_html/medicos/vendor/mercadopago/dx-php/src/MercadoPago/Entity.php:459
Stack trace:
#0 /home/vlrrywof/public_html/medicos/vendor/mercadopago/dx-php/src/MercadoPago/Entity.php(368): MercadoPago\Entity->tryFormat(NULL, 'float', 'unit_price')
#1 /home/vlrrywof/public_html/medicos/vendor/mercadopago/dx-php/src/MercadoPago/Entity.php(312): MercadoPago\Entity->_setValue('unit_price', NULL)
#2 /home/ in /home/vlrrywof/public_html/medicos/vendor/mercadopago/dx-php/src/MercadoPago/Entity.php on line 459
[19-Apr-2021 11:34:19 America/Lima] PHP Fatal error:  Uncaught Exception: Wrong type NULL. It should be float for property unit_price in /home/vlrrywof/public_html/medicos/vendor/mercadopago/dx-php/src/MercadoPago/Entity.php:459
Stack trace:
#0 /home/vlrrywof/public_html/medicos/vendor/mercadopago/dx-php/src/MercadoPago/Entity.php(368): MercadoPago\Entity->tryFormat(NULL, 'float', 'unit_price')
#1 /home/vlrrywof/public_html/medicos/vendor/mercadopago/dx-php/src/MercadoPago/Entity.php(312): MercadoPago\Entity->_setValue('unit_price', NULL)
#2 /home/ in /home/vlrrywof/public_html/medicos/vendor/mercadopago/dx-php/src/MercadoPago/Entity.php on line 459
[19-Apr-2021 11:34:56 America/Lima] PHP Fatal error:  Uncaught Exception: Wrong type NULL. It should be float for property unit_price in /home/vlrrywof/public_html/medicos/vendor/mercadopago/dx-php/src/MercadoPago/Entity.php:459
Stack trace:
#0 /home/vlrrywof/public_html/medicos/vendor/mercadopago/dx-php/src/MercadoPago/Entity.php(368): MercadoPago\Entity->tryFormat(NULL, 'float', 'unit_price')
#1 /home/vlrrywof/public_html/medicos/vendor/mercadopago/dx-php/src/MercadoPago/Entity.php(312): MercadoPago\Entity->_setValue('unit_price', NULL)
#2 /home/ in /home/vlrrywof/public_html/medicos/vendor/mercadopago/dx-php/src/MercadoPago/Entity.php on line 459
[19-Apr-2021 11:35:14 America/Lima] PHP Fatal error:  Uncaught Exception: Wrong type NULL. It should be float for property unit_price in /home/vlrrywof/public_html/medicos/vendor/mercadopago/dx-php/src/MercadoPago/Entity.php:459
Stack trace:
#0 /home/vlrrywof/public_html/medicos/vendor/mercadopago/dx-php/src/MercadoPago/Entity.php(368): MercadoPago\Entity->tryFormat(NULL, 'float', 'unit_price')
#1 /home/vlrrywof/public_html/medicos/vendor/mercadopago/dx-php/src/MercadoPago/Entity.php(312): MercadoPago\Entity->_setValue('unit_price', NULL)
#2 /home/ in /home/vlrrywof/public_html/medicos/vendor/mercadopago/dx-php/src/MercadoPago/Entity.php on line 459
[19-Apr-2021 11:35:31 America/Lima] PHP Fatal error:  Uncaught Exception: Wrong type NULL. It should be float for property unit_price in /home/vlrrywof/public_html/medicos/vendor/mercadopago/dx-php/src/MercadoPago/Entity.php:459
Stack trace:
#0 /home/vlrrywof/public_html/medicos/vendor/mercadopago/dx-php/src/MercadoPago/Entity.php(368): MercadoPago\Entity->tryFormat(NULL, 'float', 'unit_price')
#1 /home/vlrrywof/public_html/medicos/vendor/mercadopago/dx-php/src/MercadoPago/Entity.php(312): MercadoPago\Entity->_setValue('unit_price', NULL)
#2 /home/ in /home/vlrrywof/public_html/medicos/vendor/mercadopago/dx-php/src/MercadoPago/Entity.php on line 459
[19-Apr-2021 11:36:05 America/Lima] PHP Fatal error:  Uncaught Exception: Wrong type NULL. It should be float for property unit_price in /home/vlrrywof/public_html/medicos/vendor/mercadopago/dx-php/src/MercadoPago/Entity.php:459
Stack trace:
#0 /home/vlrrywof/public_html/medicos/vendor/mercadopago/dx-php/src/MercadoPago/Entity.php(368): MercadoPago\Entity->tryFormat(NULL, 'float', 'unit_price')
#1 /home/vlrrywof/public_html/medicos/vendor/mercadopago/dx-php/src/MercadoPago/Entity.php(312): MercadoPago\Entity->_setValue('unit_price', NULL)
#2 /home/ in /home/vlrrywof/public_html/medicos/vendor/mercadopago/dx-php/src/MercadoPago/Entity.php on line 459
[18-May-2021 21:38:03 America/Lima] PHP Warning:  mysqli_connect(): (HY000/1045): Access denied for user 'root'@'localhost' (using password: NO) in /home/vlrrywof/public_html/medicos/model/consulSQL.php on line 26
[19-May-2021 15:49:36 America/Lima] {"message":"unit_price needed","error":"invalid_items","status":400,"cause":null}
[19-May-2021 15:49:36 America/Lima] PHP Warning:  Invalid argument supplied for foreach() in /home/vlrrywof/public_html/medicos/vendor/mercadopago/dx-php/src/MercadoPago/Generic/RecuperableError.php on line 30
[20-May-2021 15:33:00 America/Lima] {"message":"unit_price needed","error":"invalid_items","status":400,"cause":null}
[20-May-2021 15:33:00 America/Lima] PHP Warning:  Invalid argument supplied for foreach() in /home/vlrrywof/public_html/medicos/vendor/mercadopago/dx-php/src/MercadoPago/Generic/RecuperableError.php on line 30
[20-May-2021 15:33:54 America/Lima] {"message":"unit_price needed","error":"invalid_items","status":400,"cause":null}
[20-May-2021 15:33:54 America/Lima] PHP Warning:  Invalid argument supplied for foreach() in /home/vlrrywof/public_html/medicos/vendor/mercadopago/dx-php/src/MercadoPago/Generic/RecuperableError.php on line 30
[20-May-2021 15:34:06 America/Lima] {"message":"unit_price needed","error":"invalid_items","status":400,"cause":null}
[20-May-2021 15:34:06 America/Lima] PHP Warning:  Invalid argument supplied for foreach() in /home/vlrrywof/public_html/medicos/vendor/mercadopago/dx-php/src/MercadoPago/Generic/RecuperableError.php on line 30
[20-May-2021 17:56:55 America/Lima] PHP Warning:  mysqli_connect(): (HY000/1045): Access denied for user 'root'@'localhost' (using password: NO) in /home/vlrrywof/public_html/medicos/model/consulSQL.php on line 26
[04-Jun-2021 07:01:25 America/Lima] PHP Warning:  mysqli_connect(): (HY000/1045): Access denied for user 'root'@'localhost' (using password: NO) in /home/vlrrywof/public_html/medicos/model/consulSQL.php on line 26
[04-Jun-2021 07:01:25 America/Lima] PHP Warning:  mysqli_connect(): (HY000/1045): Access denied for user 'root'@'localhost' (using password: NO) in /home/vlrrywof/public_html/medicos/model/consulSQL.php on line 26
[13-Jun-2021 10:38:21 America/Lima] PHP Warning:  include(models/cambioPass.php): failed to open stream: No such file or directory in /home/vlrrywof/public_html/medicos/views/plantilla.php on line 106
[13-Jun-2021 10:38:21 America/Lima] PHP Warning:  include(): Failed opening 'models/cambioPass.php' for inclusion (include_path='.:/opt/cpanel/ea-php73/root/usr/share/pear') in /home/vlrrywof/public_html/medicos/views/plantilla.php on line 106
[22-Jun-2021 19:43:10 America/Lima] PHP Warning:  include(models/cambioPass.php): failed to open stream: No such file or directory in /home/vlrrywof/public_html/medicos/views/plantilla.php on line 107
[22-Jun-2021 19:43:10 America/Lima] PHP Warning:  include(): Failed opening 'models/cambioPass.php' for inclusion (include_path='.:/opt/cpanel/ea-php73/root/usr/share/pear') in /home/vlrrywof/public_html/medicos/views/plantilla.php on line 107
